Build started 3/21/2022 11:09:24 AM.
     1>Project "C:\Users\Students\Documents\Visual Studio 2010\Projects\Rhys_2114038\Rhys_2114038\Rhys_2114038.vcxproj" on node 2 (build target(s)).
     1>PrepareForBuild:
         Creating directory "C:\Users\Students\Documents\Visual Studio 2010\Projects\Rhys_2114038\Release\".
       InitializeBuildStatus:
         Creating "Release\Rhys_2114038.unsuccessfulbuild" because "AlwaysCreate" was specified.
       ClCompile:
         C:\Program Files (x86)\Microsoft Visual Studio 10.0\VC\bin\CL.exe /c /Zi /nologo /W3 /WX- /O2 /Oi /Oy- /GL /D WIN32 /D NDEBUG /D _CONSOLE /D _UNICODE /D UNICODE /Gm- /EHsc /MD /GS /Gy /fp:precise /Zc:wchar_t /Zc:forScope /Fo"Release\\" /Fd"Release\vc100.pdb" /Gd /TP /analyze- /errorReport:prompt 1a.cpp
         1a.cpp
       Link:
         C:\Program Files (x86)\Microsoft Visual Studio 10.0\VC\bin\link.exe /ERRORREPORT:PROMPT /OUT:"C:\Users\Students\Documents\Visual Studio 2010\Projects\Rhys_2114038\Release\Rhys_2114038.exe" /INCREMENTAL:NO /NOLOGO kernel32.lib user32.lib gdi32.lib winspool.lib comdlg32.lib advapi32.lib shell32.lib ole32.lib oleaut32.lib uuid.lib odbc32.lib odbccp32.lib /MANIFEST /ManifestFile:"Release\Rhys_2114038.exe.intermediate.manifest" /MANIFESTUAC:"level='asInvoker' uiAccess='false'" /DEBUG /PDB:"C:\Users\Students\Documents\Visual Studio 2010\Projects\Rhys_2114038\Release\Rhys_2114038.pdb" /SUBSYSTEM:CONSOLE /OPT:REF /OPT:ICF /LTCG /TLBID:1 /DYNAMICBASE /NXCOMPAT /IMPLIB:"C:\Users\Students\Documents\Visual Studio 2010\Projects\Rhys_2114038\Release\Rhys_2114038.lib" /MACHINE:X86 Release\1a.obj
         Generating code
         Finished generating code
         Rhys_2114038.vcxproj -> C:\Users\Students\Documents\Visual Studio 2010\Projects\Rhys_2114038\Release\Rhys_2114038.exe
       Manifest:
         C:\Program Files (x86)\Microsoft SDKs\Windows\v7.0A\bin\mt.exe /nologo /verbose /outputresource:"C:\Users\Students\Documents\Visual Studio 2010\Projects\Rhys_2114038\Release\Rhys_2114038.exe;#1" /manifest Release\Rhys_2114038.exe.intermediate.manifest
       FinalizeBuildStatus:
         Deleting file "Release\Rhys_2114038.unsuccessfulbuild".
         Touching "Release\Rhys_2114038.lastbuildstate".
     1>Done Building Project "C:\Users\Students\Documents\Visual Studio 2010\Projects\Rhys_2114038\Rhys_2114038\Rhys_2114038.vcxproj" (build target(s)).

Build succeeded.

Time Elapsed 00:00:00.45
