C:\USERS\STUDENTS\DOCUMENTS\VISUAL STUDIO 2010\PROJECTS\RHYS_2114038\DEBUG\RHYS_2114038.EXE
C:\USERS\STUDENTS\DOCUMENTS\VISUAL STUDIO 2010\PROJECTS\RHYS_2114038\DEBUG\RHYS_2114038.ILK
C:\USERS\STUDENTS\DOCUMENTS\VISUAL STUDIO 2010\PROJECTS\RHYS_2114038\DEBUG\RHYS_2114038.PDB
C:\USERS\STUDENTS\DOCUMENTS\VISUAL STUDIO 2010\PROJECTS\RHYS_2114038\RHYS_2114038\DEBUG\1A.OBJ
C:\Users\Students\Documents\Visual Studio 2010\Projects\Rhys_2114038\Rhys_2114038\Debug\cl.command.1.tlog
C:\Users\Students\Documents\Visual Studio 2010\Projects\Rhys_2114038\Rhys_2114038\Debug\CL.read.1.tlog
C:\Users\Students\Documents\Visual Studio 2010\Projects\Rhys_2114038\Rhys_2114038\Debug\CL.write.1.tlog
C:\Users\Students\Documents\Visual Studio 2010\Projects\Rhys_2114038\Rhys_2114038\Debug\link.3568.read.1.tlog
C:\Users\Students\Documents\Visual Studio 2010\Projects\Rhys_2114038\Rhys_2114038\Debug\link.3568.write.1.tlog
C:\Users\Students\Documents\Visual Studio 2010\Projects\Rhys_2114038\Rhys_2114038\Debug\link.3568-cvtres.read.1.tlog
C:\Users\Students\Documents\Visual Studio 2010\Projects\Rhys_2114038\Rhys_2114038\Debug\link.3568-cvtres.write.1.tlog
C:\Users\Students\Documents\Visual Studio 2010\Projects\Rhys_2114038\Rhys_2114038\Debug\link.command.1.tlog
C:\Users\Students\Documents\Visual Studio 2010\Projects\Rhys_2114038\Rhys_2114038\Debug\link.read.1.tlog
C:\Users\Students\Documents\Visual Studio 2010\Projects\Rhys_2114038\Rhys_2114038\Debug\link.write.1.tlog
C:\Users\Students\Documents\Visual Studio 2010\Projects\Rhys_2114038\Rhys_2114038\Debug\link-cvtres.read.1.tlog
C:\Users\Students\Documents\Visual Studio 2010\Projects\Rhys_2114038\Rhys_2114038\Debug\link-cvtres.write.1.tlog
C:\Users\Students\Documents\Visual Studio 2010\Projects\Rhys_2114038\Rhys_2114038\Debug\mt.command.1.tlog
C:\Users\Students\Documents\Visual Studio 2010\Projects\Rhys_2114038\Rhys_2114038\Debug\mt.read.1.tlog
C:\Users\Students\Documents\Visual Studio 2010\Projects\Rhys_2114038\Rhys_2114038\Debug\mt.write.1.tlog
C:\Users\Students\Documents\Visual Studio 2010\Projects\Rhys_2114038\Rhys_2114038\Debug\rc.command.1.tlog
C:\Users\Students\Documents\Visual Studio 2010\Projects\Rhys_2114038\Rhys_2114038\Debug\rc.read.1.tlog
C:\Users\Students\Documents\Visual Studio 2010\Projects\Rhys_2114038\Rhys_2114038\Debug\rc.write.1.tlog
C:\USERS\STUDENTS\DOCUMENTS\VISUAL STUDIO 2010\PROJECTS\RHYS_2114038\RHYS_2114038\DEBUG\RHYS_2114038.EXE.EMBED.MANIFEST
C:\USERS\STUDENTS\DOCUMENTS\VISUAL STUDIO 2010\PROJECTS\RHYS_2114038\RHYS_2114038\DEBUG\RHYS_2114038.EXE.EMBED.MANIFEST.RES
C:\USERS\STUDENTS\DOCUMENTS\VISUAL STUDIO 2010\PROJECTS\RHYS_2114038\RHYS_2114038\DEBUG\RHYS_2114038.EXE.INTERMEDIATE.MANIFEST
C:\Users\Students\Documents\Visual Studio 2010\Projects\Rhys_2114038\Rhys_2114038\Debug\Rhys_2114038_manifest.rc
C:\Users\Students\Documents\Visual Studio 2010\Projects\Rhys_2114038\Rhys_2114038\Debug\vc100.idb
C:\USERS\STUDENTS\DOCUMENTS\VISUAL STUDIO 2010\PROJECTS\RHYS_2114038\RHYS_2114038\DEBUG\VC100.PDB
